<?xml version="1.0" encoding="UTF-8"?>
<!-- Generated by org.testng.reporters.JUnitReportReporter -->
<testsuite hostname="DESKTOP-8JJUN36" failures="0" tests="1" name="com.array.Hello_Array" time="0.023" errors="0" timestamp="2024-12-22T17:21:13 EST" skipped="0">
  <testcase classname="com.array.Hello_Array" name="hello" time="0.023"/>
  <system-out/>
</testsuite> <!-- com.array.Hello_Array -->
