<?xml version="1.0" encoding="UTF-8"?>
<!-- Generated by org.testng.reporters.JUnitReportReporter -->
<testsuite hostname="DESKTOP-8JJUN36" failures="0" tests="5" name="com.array.Hello_Data" time="0.019" errors="0" timestamp="2024-12-23T00:29:00 EST" skipped="4">
  <testcase classname="com.array.Hello_Data" name="newMaps" time="0.019"/>
  <system-out/>
  <testcase classname="com.array.Hello_Data" name="stack">
    <skipped/>
  </testcase> <!-- stack -->
  <system-out/>
  <testcase classname="com.array.Hello_Data" name="Queues">
    <skipped/>
  </testcase> <!-- Queues -->
  <system-out/>
  <testcase classname="com.array.Hello_Data" name="hello">
    <skipped/>
  </testcase> <!-- hello -->
  <system-out/>
  <testcase classname="com.array.Hello_Data" name="priorityQ">
    <skipped/>
  </testcase> <!-- priorityQ -->
  <system-out/>
</testsuite> <!-- com.array.Hello_Data -->
